Build started 25/05/2016 3:01:15 PM.
     1>Project "C:\Users\Vieira\Desktop\AIT\C++2\Assignment2\hangmanGame\hangManGame\hangManGame.vcxproj" on node 2 (build target(s)).
     1>InitializeBuildStatus:
         Creating "Debug\hangManGame.unsuccessfulbuild" because "AlwaysCreate" was specified.
       ClCompile:
         C:\Program Files (x86)\Microsoft Visual Studio 10.0\VC\bin\CL.exe /c /ZI /nologo /W3 /WX- /Od /Oy- /D _MBCS /Gm /EHsc /RTC1 /MDd /GS /fp:precise /Zc:wchar_t /Zc:forScope /Fo"Debug\\" /Fd"Debug\vc100.pdb" /Gd /TP /analyze- /errorReport:prompt gameCPP.cpp main.cpp screensCPP.cpp userChoicesCPP.cpp
         userChoicesCPP.cpp
         screensCPP.cpp
         main.cpp
         gameCPP.cpp
     1>c:\users\vieira\desktop\ait\c++2\assignment2\hangmangame\hangmangame\gamecpp.cpp(28): warning C4244: 'argument' : conversion from 'time_t' to 'unsigned int', possible loss of data
     1>c:\users\vieira\desktop\ait\c++2\assignment2\hangmangame\hangmangame\gamecpp.cpp(46): warning C4018: '<' : signed/unsigned mismatch
     1>c:\users\vieira\desktop\ait\c++2\assignment2\hangmangame\hangmangame\gamecpp.cpp(58): warning C4018: '<' : signed/unsigned mismatch
     1>c:\users\vieira\desktop\ait\c++2\assignment2\hangmangame\hangmangame\gamecpp.cpp(206): warning C4018: '<' : signed/unsigned mismatch
     1>c:\users\vieira\desktop\ait\c++2\assignment2\hangmangame\hangmangame\gamecpp.cpp(217): warning C4018: '<' : signed/unsigned mismatch
     1>c:\users\vieira\desktop\ait\c++2\assignment2\hangmangame\hangmangame\gamecpp.cpp(231): warning C4018: '<' : signed/unsigned mismatch
     1>c:\users\vieira\desktop\ait\c++2\assignment2\hangmangame\hangmangame\gamecpp.cpp(248): warning C4018: '<' : signed/unsigned mismatch
         Generating Code...
       Link:
         C:\Program Files (x86)\Microsoft Visual Studio 10.0\VC\bin\link.exe /ERRORREPORT:PROMPT /OUT:"C:\Users\Vieira\Desktop\AIT\C++2\Assignment2\hangmanGame\Debug\hangManGame.exe" /NOLOGO kernel32.lib user32.lib gdi32.lib winspool.lib comdlg32.lib advapi32.lib shell32.lib ole32.lib oleaut32.lib uuid.lib odbc32.lib odbccp32.lib /MANIFEST /ManifestFile:"Debug\hangManGame.exe.intermediate.manifest" /MANIFESTUAC:"level='asInvoker' uiAccess='false'" /DEBUG /PDB:"C:\Users\Vieira\Desktop\AIT\C++2\Assignment2\hangmanGame\Debug\hangManGame.pdb" /TLBID:1 /DYNAMICBASE /NXCOMPAT /IMPLIB:"C:\Users\Vieira\Desktop\AIT\C++2\Assignment2\hangmanGame\Debug\hangManGame.lib" /MACHINE:X86 Debug\gameCPP.obj
         Debug\main.obj
         Debug\screensCPP.obj
         Debug\userChoicesCPP.obj
         LINK : C:\Users\Vieira\Desktop\AIT\C++2\Assignment2\hangmanGame\Debug\hangManGame.exe not found or not built by the last incremental link; performing full link
         hangManGame.vcxproj -> C:\Users\Vieira\Desktop\AIT\C++2\Assignment2\hangmanGame\Debug\hangManGame.exe
       Manifest:
         C:\Program Files (x86)\Microsoft SDKs\Windows\v7.0A\bin\mt.exe /nologo /verbose /outputresource:"C:\Users\Vieira\Desktop\AIT\C++2\Assignment2\hangmanGame\Debug\hangManGame.exe;#1" /manifest Debug\hangManGame.exe.intermediate.manifest
       FinalizeBuildStatus:
         Deleting file "Debug\hangManGame.unsuccessfulbuild".
         Touching "Debug\hangManGame.lastbuildstate".
     1>Done Building Project "C:\Users\Vieira\Desktop\AIT\C++2\Assignment2\hangmanGame\hangManGame\hangManGame.vcxproj" (build target(s)).

Build succeeded.

Time Elapsed 00:00:02.01
